c:\users\김성수\documents\kss\waterfall\libraries\debug\servercore\servercore.pdb
c:\users\김성수\documents\kss\waterfall\libraries\debug\servercore\servercore.idb
c:\users\김성수\documents\kss\waterfall\libraries\debug\servercore\middle\threadmanager.obj
c:\users\김성수\documents\kss\waterfall\libraries\debug\servercore\middle\memorypool.obj
c:\users\김성수\documents\kss\waterfall\libraries\debug\servercore\middle\memory.obj
c:\users\김성수\documents\kss\waterfall\libraries\debug\servercore\middle\coreglobal.obj
c:\users\김성수\documents\kss\waterfall\libraries\debug\servercore\middle\allocator.obj
c:\users\김성수\documents\kss\waterfall\libraries\debug\servercore\middle\refcountable.obj
c:\users\김성수\documents\kss\waterfall\libraries\debug\servercore\middle\objectpool.obj
c:\users\김성수\documents\kss\waterfall\libraries\debug\servercore\middle\lock.obj
c:\users\김성수\documents\kss\waterfall\libraries\debug\servercore\middle\deadlockprofiler.obj
c:\users\김성수\documents\kss\waterfall\libraries\debug\servercore\middle\coretls.obj
c:\users\김성수\documents\kss\waterfall\libraries\debug\servercore\middle\corepch.obj
c:\users\김성수\documents\kss\waterfall\libraries\debug\servercore\middle\socketutils.obj
c:\users\김성수\documents\kss\waterfall\libraries\debug\servercore\middle\netaddress.obj
c:\users\김성수\documents\kss\waterfall\libraries\debug\servercore\middle\servercore.pch
c:\users\김성수\documents\kss\waterfall\libraries\debug\servercore\middle\pch.obj
c:\users\김성수\documents\kss\waterfall\libraries\debug\servercore\middle\session.obj
c:\users\김성수\documents\kss\waterfall\libraries\debug\servercore\middle\iocpevent.obj
c:\users\김성수\documents\kss\waterfall\libraries\debug\servercore\middle\iocpcore.obj
c:\users\김성수\documents\kss\waterfall\libraries\debug\servercore\servercore.lib
c:\users\김성수\documents\kss\waterfall\libraries\debug\servercore\middle\listener.obj
c:\users\김성수\documents\kss\waterfall\libraries\debug\servercore\middle\servercore.vcxproj.filelistabsolute.txt
c:\users\김성수\documents\kss\waterfall\libraries\debug\servercore\middle\servercore.tlog\cl.command.1.tlog
c:\users\김성수\documents\kss\waterfall\libraries\debug\servercore\middle\servercore.tlog\cl.items.tlog
c:\users\김성수\documents\kss\waterfall\libraries\debug\servercore\middle\servercore.tlog\cl.read.1.tlog
c:\users\김성수\documents\kss\waterfall\libraries\debug\servercore\middle\servercore.tlog\cl.write.1.tlog
c:\users\김성수\documents\kss\waterfall\libraries\debug\servercore\middle\servercore.tlog\lib-link.write.1.tlog
c:\users\김성수\documents\kss\waterfall\libraries\debug\servercore\middle\servercore.tlog\lib.command.1.tlog
c:\users\김성수\documents\kss\waterfall\libraries\debug\servercore\middle\servercore.tlog\lib.read.1.tlog
