  pch.cpp
  Allocator.cpp
  CoreGlobal.cpp
  CorePch.cpp
  CoreTLS.cpp
  DeadLockProfiler.cpp
D:\git\WaterFall\ServerCore\DeadLockProfiler.cpp(42,3): warning C4552: '-': 식의 결과가 사용되지 않습니다.
D:\git\WaterFall\ServerCore\DeadLockProfiler.cpp(46,3): warning C4552: '-': 식의 결과가 사용되지 않습니다.
D:\git\WaterFall\ServerCore\DeadLockProfiler.cpp(104,4): warning C4552: '-': 식의 결과가 사용되지 않습니다.
  IocpCore.cpp
D:\git\WaterFall\ServerCore\IocpCore.cpp(8,2): warning C4552: '-': 식의 결과가 사용되지 않습니다.
D:\git\WaterFall\ServerCore\IocpCore.cpp(33,66): warning C4805: '==': 연산에 'BOOL' 형식과 'bool' 형식을 함께 사용하는 것은 안전하지 않습니다.
  IocpEvent.cpp
  Listener.cpp
  Lock.cpp
D:\git\WaterFall\ServerCore\Lock.cpp(33,4): warning C4552: '-': 식의 결과가 사용되지 않습니다.
D:\git\WaterFall\ServerCore\Lock.cpp(46,3): warning C4552: '-': 식의 결과가 사용되지 않습니다.
D:\git\WaterFall\ServerCore\Lock.cpp(76,4): warning C4552: '-': 식의 결과가 사용되지 않습니다.
D:\git\WaterFall\ServerCore\Lock.cpp(88,3): warning C4552: '-': 식의 결과가 사용되지 않습니다.
  Memory.cpp
D:\git\WaterFall\ServerCore\Memory.cpp(75,2): warning C4552: '-': 식의 결과가 사용되지 않습니다.
  MemoryPool.cpp
D:\git\WaterFall\ServerCore\MemoryPool.cpp(52,3): warning C4552: '-': 식의 결과가 사용되지 않습니다.
  NetAddress.cpp
  ObjectPool.cpp
  RecvBuffer.cpp
  RefCountable.cpp
  SendBuffer.cpp
D:\git\WaterFall\ServerCore\SendBuffer.cpp(23,2): warning C4552: '-': 식의 결과가 사용되지 않습니다.
D:\git\WaterFall\ServerCore\SendBuffer.cpp(41,2): warning C4552: '-': 식의 결과가 사용되지 않습니다.
D:\git\WaterFall\ServerCore\SendBuffer.cpp(42,2): warning C4552: '-': 식의 결과가 사용되지 않습니다.
D:\git\WaterFall\ServerCore\SendBuffer.cpp(52,2): warning C4552: '-': 식의 결과가 사용되지 않습니다.
D:\git\WaterFall\ServerCore\SendBuffer.cpp(66,2): warning C4552: '-': 식의 결과가 사용되지 않습니다.
  Service.cpp
D:\git\WaterFall\ServerCore\Service.cpp(46,2): warning C4552: '-': 식의 결과가 사용되지 않습니다.
  Session.cpp
  SocketUtils.cpp
D:\git\WaterFall\ServerCore\SocketUtils.cpp(11,2): warning C4552: '-': 식의 결과가 사용되지 않습니다.
D:\git\WaterFall\ServerCore\SocketUtils.cpp(15,2): warning C4552: '-': 식의 결과가 사용되지 않습니다.
D:\git\WaterFall\ServerCore\SocketUtils.cpp(16,2): warning C4552: '-': 식의 결과가 사용되지 않습니다.
D:\git\WaterFall\ServerCore\SocketUtils.cpp(17,2): warning C4552: '-': 식의 결과가 사용되지 않습니다.
  ThreadManager.cpp
  코드를 생성하고 있습니다...
D:\git\WaterFall\ServerCore\Session.cpp(111): warning C4715: 'Session::RegisterConnect': 모든 제어 경로에서 값을 반환하지는 않습니다.
  ServerCore.vcxproj -> D:\git\WaterFall\Libraries\Debug\ServerCore\ServerCore.lib
